<?xml version="1.0" encoding="UTF-8"?>
<!-- Generated by org.testng.reporters.JUnitReportReporter -->
<testsuite hostname="BalaDellPC" failures="0" tests="3" name="testngtraning.FirstTestNGExample" time="8.517" errors="0" timestamp="2025-02-16T02:21:50 GST" skipped="0">
  <testcase classname="testngtraning.FirstTestNGExample" name="openApplication" time="8.191"/>
  <testcase classname="testngtraning.FirstTestNGExample" name="LoginVerify" time="0.047"/>
  <testcase classname="testngtraning.FirstTestNGExample" name="Logout" time="0.279"/>
</testsuite> <!-- testngtraning.FirstTestNGExample -->
